Fast 1259.9550000000002  /  Slow: 1259.0225
Position: 2.9925 / Should Buy: True
Symbol: ETHUSD / Side: BUY / Quantity: 1
Sleep for 48
********************
Fast 1260.3975  /  Slow: 1259.1704166666666
Position: 3.99 / Should Buy: True
Symbol: ETHUSD / Side: BUY / Quantity: 1
Sleep for 59
********************
Fast 1260.8700000000001  /  Slow: 1259.36625
Position: 4.9875 / Should Buy: True
Symbol: ETHUSD / Side: BUY / Quantity: 1
Sleep for 59
********************
Fast 1261.2208333333335  /  Slow: 1259.525
Position: 5.985 / Should Buy: True
Symbol: ETHUSD / Side: BUY / Quantity: 1
Sleep for 59
********************
Fast 1261.3208333333334  /  Slow: 1259.6525
Position: 6.9825 / Should Buy: True
Symbol: ETHUSD / Side: BUY / Quantity: 1
Sleep for 59
********************
Fast 1261.2983333333334  /  Slow: 1259.7720833333333
Position: 7.98 / Should Buy: True
Symbol: ETHUSD / Side: BUY / Quantity: 1
Sleep for 59
********************
Fast 1261.3408333333334  /  Slow: 1259.8149999999998
Position: 8.9775 / Should Buy: True
Symbol: ETHUSD / Side: BUY / Quantity: 1
Sleep for 59
********************
Fast 1261.4750000000001  /  Slow: 1259.9241666666667
Position: 9.975 / Should Buy: True
Symbol: ETHUSD / Side: BUY / Quantity: 1
Sleep for 59
********************
Fast 1261.4691666666665  /  Slow: 1260.0275000000001
Position: 10.9725 / Should Buy: True
Sleep for 0
********************
Fast 1261.4691666666665  /  Slow: 1260.0275000000001
Position: 10.9725 / Should Buy: True
Sleep for 59
********************
Fast 1261.375  /  Slow: 1260.1125
Position: 10.9725 / Should Buy: True
Sleep for 0
********************
Fast 1261.375  /  Slow: 1260.1125
Position: 10.9725 / Should Buy: True
Sleep for 59
********************
Fast 1261.4333333333334  /  Slow: 1260.2595833333332
Position: 10.9725 / Should Buy: True
Sleep for 59
********************
Fast 1261.3174999999999  /  Slow: 1260.3391666666666
Position: 10.9725 / Should Buy: True
Sleep for 0
********************
Fast 1261.3174999999999  /  Slow: 1260.3391666666666
Position: 10.9725 / Should Buy: True
Sleep for 59
********************
Fast 1260.9708333333333  /  Slow: 1260.4629166666666
Position: 10.9725 / Should Buy: True
Sleep for 59
********************
Fast 1260.5733333333335  /  Slow: 1260.4854166666667
Position: 10.9725 / Should Buy: True
Sleep for 0
********************
Fast 1260.5733333333335  /  Slow: 1260.4854166666667
Position: 10.9725 / Should Buy: True
Sleep for 59
********************
Fast 1260.3533333333332  /  Slow: 1260.6116666666667
Position: 10.9725 / Should Buy: False
Symbol: ETHUSD / Side: SELL / Quantity: 10.9725
Sleep for 59
********************
Fast 1260.0883333333334  /  Slow: 1260.6620833333334
Position: 9.9725 / Should Buy: False
Sleep for 58
********************
Fast 1259.9825  /  Slow: 1260.6516666666669
Position: 9.9725 / Should Buy: False
Sleep for 0
********************
Fast 1259.9825  /  Slow: 1260.6516666666669
Position: 9.9725 / Should Buy: False
Sleep for 59
********************
Fast 1259.8583333333333  /  Slow: 1260.5725
Position: 9.9725 / Should Buy: False
Sleep for 59
********************
Fast 1259.7575  /  Slow: 1260.5491666666667
Position: 9.9725 / Should Buy: False
Sleep for 0
********************
Fast 1259.7575  /  Slow: 1260.5491666666667
Position: 9.9725 / Should Buy: False
Sleep for 59
********************
Fast 1259.5449999999998  /  Slow: 1260.51
Position: 9.9725 / Should Buy: False
Sleep for 59
********************
Fast 1259.3633333333335  /  Slow: 1260.41625
Position: 9.9725 / Should Buy: False
Sleep for 0
********************
Fast 1259.3633333333335  /  Slow: 1260.41625
Position: 9.9725 / Should Buy: False
Sleep for 59
********************
Fast 1259.3083333333332  /  Slow: 1260.3416666666667
Position: 9.9725 / Should Buy: False
Sleep for 0
********************
Fast 1259.3083333333332  /  Slow: 1260.3416666666667
Position: 9.9725 / Should Buy: False
Sleep for 58
********************
Fast 1259.1633333333332  /  Slow: 1260.2983333333334
Position: 9.9725 / Should Buy: False
Sleep for 59
********************
Fast 1259.1408333333334  /  Slow: 1260.2291666666667
Position: 9.9725 / Should Buy: False
Sleep for 0
********************
Fast 1259.1408333333334  /  Slow: 1260.2291666666667
Position: 9.9725 / Should Buy: False
Sleep for 59
********************
Fast 1259.3325000000002  /  Slow: 1260.1516666666666
Position: 9.9725 / Should Buy: False
Sleep for 0
********************
Fast 1259.3325000000002  /  Slow: 1260.1516666666666
Position: 9.9725 / Should Buy: False
Sleep for 59
********************
Fast 1259.7208333333333  /  Slow: 1260.1470833333333
Position: 9.9725 / Should Buy: False
Sleep for 59
********************
Fast 1260.1983333333333  /  Slow: 1260.2758333333334
Position: 9.9725 / Should Buy: False
Sleep for 0
********************
Fast 1260.1983333333333  /  Slow: 1260.2758333333334
Position: 9.9725 / Should Buy: False
Sleep for 59
