INFO 2022-10-04 03:46:01,532 Symbol:  ETHUSD | Position:    0 | close price:  1319.31 | Side:  BUY \U0001f7e2 | Profits:  -1319.31 | Quantity:    1 \U0001f911
INFO 2022-10-04 04:09:01,928 Symbol:  ETHUSD | Position:    1 | close price:  1321.36 | Side:  BUY \U0001f7e2 | Profits:  -2640.67 | Quantity:    1 \U0001f911
INFO 2022-10-04 04:10:01,815 Symbol:  ETHUSD | Position:    2 | close price:  1320.62 | Side:  BUY \U0001f7e2 | Profits:  -3961.29 | Quantity:    1 \U0001f911
INFO 2022-10-04 04:11:01,760 Symbol:  ETHUSD | Position:    3 | close price:  1319.03 | Side:  BUY \U0001f7e2 | Profits:  -5280.32 | Quantity:    1 \U0001f911
INFO 2022-10-04 04:12:01,618 Symbol:  ETHUSD | Position:    4 | close price:  1319.27 | Side:  BUY \U0001f7e2 | Profits:  -6599.59 | Quantity:    1 \U0001f911
INFO 2022-10-04 04:13:01,435 Symbol:  ETHUSD | Position:    5 | close price:  1319.62 | Side:  BUY \U0001f7e2 | Profits:  -7919.21 | Quantity:    1 \U0001f911
INFO 2022-10-04 04:14:01,289 Symbol:  ETHUSD | Position:    6 | close price:  1319.94 | Side:  BUY \U0001f7e2 | Profits:  -9239.15 | Quantity:    1 \U0001f911
INFO 2022-10-04 04:15:01,234 Symbol:  ETHUSD | Position:    7 | close price:  1320.12 | Side:  BUY \U0001f7e2 | Profits: -10559.27 | Quantity:    1 \U0001f911
INFO 2022-10-04 04:16:01,050 Symbol:  ETHUSD | Position:    8 | close price:  1320.24 | Side:  BUY \U0001f7e2 | Profits: -11879.51 | Quantity:    1 \U0001f911
INFO 2022-10-04 04:17:00,921 Symbol:  ETHUSD | Position:    9 | close price:  1318.93 | Side:  BUY \U0001f7e2 | Profits: -13198.44 | Quantity:    1 \U0001f911
INFO 2022-10-04 04:18:01,862 Symbol:  ETHUSD | Position:   10 | close price:  1318.66 | Side:  BUY \U0001f7e2 | Profits: -14517.10 | Quantity:    1 \U0001f911
INFO 2022-10-04 04:22:01,653 Symbol:  ETHUSD | Position:   11 | close price:  1316.55 | Side: SELL \U0001f534 | Profits: -13200.55 | Quantity:    1 \U0001f4b5
INFO 2022-10-04 04:23:02,010 Symbol:  ETHUSD | Position:   10 | close price:  1316.36 | Side: SELL \U0001f534 | Profits: -11884.19 | Quantity:    1 \U0001f4b5
INFO 2022-10-04 04:24:00,897 Symbol:  ETHUSD | Position:    9 | close price:  1317.14 | Side: SELL \U0001f534 | Profits: -10567.05 | Quantity:    1 \U0001f4b5
INFO 2022-10-04 04:25:02,325 Symbol:  ETHUSD | Position:    8 | close price:  1317.37 | Side: SELL \U0001f534 | Profits:  -9249.68 | Quantity:    1 \U0001f4b5
INFO 2022-10-04 04:26:01,221 Symbol:  ETHUSD | Position:    7 | close price:   1316.9 | Side: SELL \U0001f534 | Profits:  -7932.78 | Quantity:    1 \U0001f4b5
INFO 2022-10-04 04:27:01,037 Symbol:  ETHUSD | Position:    6 | close price:   1317.9 | Side: SELL \U0001f534 | Profits:  -6614.88 | Quantity:    1 \U0001f4b5
INFO 2022-10-04 04:28:00,909 Symbol:  ETHUSD | Position:    5 | close price:  1318.37 | Side: SELL \U0001f534 | Profits:  -5296.51 | Quantity:    1 \U0001f4b5
INFO 2022-10-04 04:29:01,850 Symbol:  ETHUSD | Position:    4 | close price:  1317.97 | Side: SELL \U0001f534 | Profits:  -3978.54 | Quantity:    1 \U0001f4b5
INFO 2022-10-04 04:30:01,757 Symbol:  ETHUSD | Position:    3 | close price:  1317.47 | Side: SELL \U0001f534 | Profits:  -2661.07 | Quantity:    1 \U0001f4b5
INFO 2022-10-04 04:31:01,614 Symbol:  ETHUSD | Position:    2 | close price:  1316.87 | Side: SELL \U0001f534 | Profits:  -1344.20 | Quantity:    1 \U0001f4b5
INFO 2022-10-04 05:05:01,520 Symbol:  ETHUSD | Position:    1 | close price:  1319.47 | Side:  BUY \U0001f7e2 | Profits:  -2663.67 | Quantity:    1 \U0001f911
INFO 2022-10-04 05:06:01,518 Symbol:  ETHUSD | Position:    2 | close price:  1319.53 | Side:  BUY \U0001f7e2 | Profits:  -3983.20 | Quantity:    1 \U0001f911
INFO 2022-10-04 05:07:01,433 Symbol:  ETHUSD | Position:    3 | close price:  1319.01 | Side:  BUY \U0001f7e2 | Profits:  -5302.21 | Quantity:    1 \U0001f911
INFO 2022-10-04 05:08:01,366 Symbol:  ETHUSD | Position:    4 | close price:  1318.68 | Side:  BUY \U0001f7e2 | Profits:  -6620.89 | Quantity:    1 \U0001f911
INFO 2022-10-04 05:09:01,310 Symbol:  ETHUSD | Position:    5 | close price:  1319.29 | Side:  BUY \U0001f7e2 | Profits:  -7940.18 | Quantity:    1 \U0001f911
INFO 2022-10-04 05:10:01,132 Symbol:  ETHUSD | Position:    6 | close price:  1319.68 | Side:  BUY \U0001f7e2 | Profits:  -9259.86 | Quantity:    1 \U0001f911
INFO 2022-10-04 05:11:01,060 Symbol:  ETHUSD | Position:    7 | close price:   1321.5 | Side:  BUY \U0001f7e2 | Profits: -10581.36 | Quantity:    1 \U0001f911
INFO 2022-10-04 05:12:01,058 Symbol:  ETHUSD | Position:    8 | close price:  1320.96 | Side:  BUY \U0001f7e2 | Profits: -11902.32 | Quantity:    1 \U0001f911
INFO 2022-10-04 05:13:03,807 Symbol:  ETHUSD | Position:    9 | close price:  1320.79 | Side:  BUY \U0001f7e2 | Profits: -13223.11 | Quantity:    1 \U0001f911
INFO 2022-10-04 05:14:01,666 Symbol:  ETHUSD | Position:   10 | close price:  1320.09 | Side:  BUY \U0001f7e2 | Profits: -14543.20 | Quantity:    1 \U0001f911
INFO 2022-10-04 05:19:02,816 Symbol:  ETHUSD | Position:   11 | close price:  1322.17 | Side: SELL \U0001f534 | Profits:  -1321.50 | Quantity:   10 \U0001f4b5
INFO 2022-10-04 05:20:01,650 Symbol:  ETHUSD | Position:    1 | close price:  1319.92 | Side:  BUY \U0001f7e2 | Profits:  -2641.42 | Quantity:    1 \U0001f911
INFO 2022-10-04 05:21:01,459 Symbol:  ETHUSD | Position:    2 | close price:  1321.37 | Side:  BUY \U0001f7e2 | Profits:  -3962.79 | Quantity:    1 \U0001f911
INFO 2022-10-04 05:22:03,521 Symbol:  ETHUSD | Position:    3 | close price:   1323.1 | Side:  BUY \U0001f7e2 | Profits:  -5285.89 | Quantity:    1 \U0001f911
INFO 2022-10-04 05:23:01,374 Symbol:  ETHUSD | Position:    4 | close price:   1324.3 | Side:  BUY \U0001f7e2 | Profits:  -6610.19 | Quantity:    1 \U0001f911
INFO 2022-10-04 05:24:01,217 Symbol:  ETHUSD | Position:    5 | close price:  1326.14 | Side:  BUY \U0001f7e2 | Profits:  -7936.33 | Quantity:    1 \U0001f911
INFO 2022-10-04 05:25:01,222 Symbol:  ETHUSD | Position:    6 | close price:  1325.32 | Side:  BUY \U0001f7e2 | Profits:  -9261.65 | Quantity:    1 \U0001f911
INFO 2022-10-04 05:26:01,320 Symbol:  ETHUSD | Position:    7 | close price:  1326.38 | Side:  BUY \U0001f7e2 | Profits: -10588.03 | Quantity:    1 \U0001f911
INFO 2022-10-04 05:27:01,255 Symbol:  ETHUSD | Position:    8 | close price:   1326.7 | Side:  BUY \U0001f7e2 | Profits: -11914.73 | Quantity:    1 \U0001f911
INFO 2022-10-04 05:28:01,145 Symbol:  ETHUSD | Position:    9 | close price:  1325.06 | Side:  BUY \U0001f7e2 | Profits: -13239.79 | Quantity:    1 \U0001f911
INFO 2022-10-04 05:29:00,948 Symbol:  ETHUSD | Position:   10 | close price:  1324.97 | Side:  BUY \U0001f7e2 | Profits: -14564.76 | Quantity:    1 \U0001f911
INFO 2022-10-04 05:39:01,379 Symbol:  ETHUSD | Position:   11 | close price:  1327.85 | Side: SELL \U0001f534 | Profits:  -1286.26 | Quantity:   10 \U0001f4b5
INFO 2022-10-04 05:40:01,391 Symbol:  ETHUSD | Position:    1 | close price:   1327.6 | Side:  BUY \U0001f7e2 | Profits:  -2613.86 | Quantity:    1 \U0001f911
INFO 2022-10-04 05:41:01,203 Symbol:  ETHUSD | Position:    2 | close price:  1327.45 | Side:  BUY \U0001f7e2 | Profits:  -3941.31 | Quantity:    1 \U0001f911
INFO 2022-10-04 05:42:01,279 Symbol:  ETHUSD | Position:    3 | close price:  1327.27 | Side:  BUY \U0001f7e2 | Profits:  -5268.58 | Quantity:    1 \U0001f911
INFO 2022-10-04 05:43:01,133 Symbol:  ETHUSD | Position:    4 | close price:  1326.42 | Side:  BUY \U0001f7e2 | Profits:  -6595.00 | Quantity:    1 \U0001f911
INFO 2022-10-04 05:44:01,321 Symbol:  ETHUSD | Position:    5 | close price:  1326.05 | Side:  BUY \U0001f7e2 | Profits:  -7921.05 | Quantity:    1 \U0001f911
INFO 2022-10-04 05:45:01,212 Symbol:  ETHUSD | Position:    6 | close price:  1326.08 | Side:  BUY \U0001f7e2 | Profits:  -9247.13 | Quantity:    1 \U0001f911
INFO 2022-10-04 05:46:04,876 Symbol:  ETHUSD | Position:    7 | close price:  1325.51 | Side:  BUY \U0001f7e2 | Profits: -10572.64 | Quantity:    1 \U0001f911
INFO 2022-10-04 05:47:02,113 Symbol:  ETHUSD | Position:    8 | close price:   1325.2 | Side:  BUY \U0001f7e2 | Profits: -11897.84 | Quantity:    1 \U0001f911
INFO 2022-10-04 05:48:06,276 Symbol:  ETHUSD | Position:    9 | close price:  1324.09 | Side:  BUY \U0001f7e2 | Profits: -13221.93 | Quantity:    1 \U0001f911
INFO 2022-10-04 05:49:01,244 Symbol:  ETHUSD | Position:   10 | close price:  1323.99 | Side:  BUY \U0001f7e2 | Profits: -14545.92 | Quantity:    1 \U0001f911
INFO 2022-10-04 05:51:01,729 Symbol:  ETHUSD | Position:   11 | close price:  1324.49 | Side: SELL \U0001f534 | Profits: -13221.43 | Quantity:    1 \U0001f4b5
INFO 2022-10-04 05:52:01,582 Symbol:  ETHUSD | Position:   10 | close price:  1323.73 | Side: SELL \U0001f534 | Profits: -11897.70 | Quantity:    1 \U0001f4b5
INFO 2022-10-04 05:53:01,432 Symbol:  ETHUSD | Position:    9 | close price:   1324.0 | Side: SELL \U0001f534 | Profits: -10573.70 | Quantity:    1 \U0001f4b5
INFO 2022-10-04 05:54:01,506 Symbol:  ETHUSD | Position:    8 | close price:  1322.91 | Side: SELL \U0001f534 | Profits:  -9250.79 | Quantity:    1 \U0001f4b5
INFO 2022-10-04 05:55:01,352 Symbol:  ETHUSD | Position:    7 | close price:  1323.63 | Side: SELL \U0001f534 | Profits:  -7927.16 | Quantity:    1 \U0001f4b5
INFO 2022-10-04 05:56:01,245 Symbol:  ETHUSD | Position:    6 | close price:  1323.75 | Side: SELL \U0001f534 | Profits:  -6603.41 | Quantity:    1 \U0001f4b5
INFO 2022-10-04 05:57:01,207 Symbol:  ETHUSD | Position:    5 | close price:  1324.09 | Side: SELL \U0001f534 | Profits:  -5279.32 | Quantity:    1 \U0001f4b5
INFO 2022-10-04 05:58:01,232 Symbol:  ETHUSD | Position:    4 | close price:   1323.3 | Side: SELL \U0001f534 | Profits:  -3956.02 | Quantity:    1 \U0001f4b5
INFO 2022-10-04 05:59:01,234 Symbol:  ETHUSD | Position:    3 | close price:  1323.02 | Side: SELL \U0001f534 | Profits:  -2633.00 | Quantity:    1 \U0001f4b5
INFO 2022-10-04 06:00:01,316 Symbol:  ETHUSD | Position:    2 | close price:  1323.28 | Side: SELL \U0001f534 | Profits:  -1309.72 | Quantity:    1 \U0001f4b5
