INFO 2022-09-26 02:46:21,782 Fast 1296.3525000000002 / Slow: 1295.335 / Position: 8.9525 / Should Buy: True / Symbol: ETHUSD / close price: timestamp
2022-09-25 05:00:00+00:00    1327.72
2022-09-25 05:01:00+00:00    1326.44
2022-09-25 05:02:00+00:00    1326.29
2022-09-25 05:03:00+00:00    1326.91
2022-09-25 05:04:00+00:00    1327.05
                              ...   
2022-09-25 20:41:00+00:00    1296.76
2022-09-25 20:42:00+00:00    1295.70
2022-09-25 20:43:00+00:00    1296.03
2022-09-25 20:44:00+00:00    1296.90
2022-09-25 20:45:00+00:00    1296.24
Name: close, Length: 946, dtype: float64 / Side: BUY / Quantity: 1
INFO 2022-09-26 02:46:41,831 Fast 1296.3525000000002 / Slow: 1295.335 / Position: 9.95 / Should Buy: True / Symbol: ETHUSD / close price: timestamp
2022-09-25 05:00:00+00:00    1327.72
2022-09-25 05:01:00+00:00    1326.44
2022-09-25 05:02:00+00:00    1326.29
2022-09-25 05:03:00+00:00    1326.91
2022-09-25 05:04:00+00:00    1327.05
                              ...   
2022-09-25 20:41:00+00:00    1296.76
2022-09-25 20:42:00+00:00    1295.70
2022-09-25 20:43:00+00:00    1296.03
2022-09-25 20:44:00+00:00    1296.90
2022-09-25 20:45:00+00:00    1296.24
Name: close, Length: 946, dtype: float64 / Side: BUY / Quantity: 1
WARNING 2022-09-26 02:46:41,833 Sleep for 18
