INFO 2022-12-19 14:35:45,514 Symbol:  ETHUSD | Position:   32 | close price:  1181.52 | Side:  BUY 🟢 | Profits:  -1181.52 | Quantity:    1 🤑
INFO 2022-12-19 14:36:00,893 Symbol:  ETHUSD | Position:   33 | close price:  1181.52 | Side:  BUY 🟢 | Profits:  -2363.04 | Quantity:    1 🤑
INFO 2022-12-19 14:37:01,724 Symbol:  ETHUSD | Position:   34 | close price:  1181.21 | Side:  BUY 🟢 | Profits:  -3544.25 | Quantity:    1 🤑
INFO 2022-12-19 14:38:00,970 Symbol:  ETHUSD | Position:   35 | close price:  1181.57 | Side:  BUY 🟢 | Profits:  -4725.82 | Quantity:    1 🤑
INFO 2022-12-19 14:39:01,456 Symbol:  ETHUSD | Position:   36 | close price:  1181.63 | Side:  BUY 🟢 | Profits:  -5907.45 | Quantity:    1 🤑
INFO 2022-12-19 14:40:01,036 Symbol:  ETHUSD | Position:   37 | close price:  1181.78 | Side: SELL 🔴 | Profits:  -4725.67 | Quantity:    1 💵
INFO 2022-12-19 14:41:00,368 Symbol:  ETHUSD | Position:   36 | close price:  1181.87 | Side: SELL 🔴 | Profits:  -3543.80 | Quantity:    1 💵
INFO 2022-12-19 14:42:00,828 Symbol:  ETHUSD | Position:   35 | close price:  1182.24 | Side: SELL 🔴 | Profits:  -2361.56 | Quantity:    1 💵
INFO 2022-12-19 14:43:01,631 Symbol:  ETHUSD | Position:   34 | close price:  1182.48 | Side: SELL 🔴 | Profits:  -1179.08 | Quantity:    1 💵
INFO 2022-12-19 14:44:01,060 Symbol:  ETHUSD | Position:   33 | close price:  1182.43 | Side: SELL 🔴 | Profits:      3.35 | Quantity:    1 💵
INFO 2022-12-19 14:45:02,148 Symbol:  ETHUSD | Position:   32 | close price:  1182.74 | Side: SELL 🔴 | Profits:   1186.09 | Quantity:    1 💵
INFO 2022-12-19 14:46:00,473 Symbol:  ETHUSD | Position:   31 | close price:  1182.51 | Side: SELL 🔴 | Profits:   2368.60 | Quantity:    1 💵
INFO 2022-12-19 14:47:00,795 Symbol:  ETHUSD | Position:   30 | close price:  1182.26 | Side: SELL 🔴 | Profits:   3550.86 | Quantity:    1 💵
INFO 2022-12-19 14:48:01,927 Symbol:  ETHUSD | Position:   29 | close price:  1182.59 | Side: SELL 🔴 | Profits:   4733.45 | Quantity:    1 💵
INFO 2022-12-19 14:49:01,520 Symbol:  ETHUSD | Position:   28 | close price:  1182.74 | Side: SELL 🔴 | Profits:   5916.19 | Quantity:    1 💵
INFO 2022-12-19 14:50:01,456 Symbol:  ETHUSD | Position:   27 | close price:   1182.8 | Side:  BUY 🟢 | Profits:   4733.39 | Quantity:    1 🤑
INFO 2022-12-19 14:51:00,990 Symbol:  ETHUSD | Position:   28 | close price:  1183.49 | Side:  BUY 🟢 | Profits:   3549.90 | Quantity:    1 🤑
INFO 2022-12-19 14:52:01,447 Symbol:  ETHUSD | Position:   29 | close price:  1183.35 | Side:  BUY 🟢 | Profits:   2366.55 | Quantity:    1 🤑
INFO 2022-12-19 14:53:01,446 Symbol:  ETHUSD | Position:   30 | close price:  1183.56 | Side:  BUY 🟢 | Profits:   1182.99 | Quantity:    1 🤑
INFO 2022-12-19 14:54:01,077 Symbol:  ETHUSD | Position:   31 | close price:  1184.19 | Side:  BUY 🟢 | Profits:     -1.20 | Quantity:    1 🤑
INFO 2022-12-19 14:55:00,588 Symbol:  ETHUSD | Position:   32 | close price:  1184.12 | Side:  BUY 🟢 | Profits:  -1185.32 | Quantity:    1 🤑
INFO 2022-12-19 14:56:01,779 Symbol:  ETHUSD | Position:   33 | close price:  1183.64 | Side:  BUY 🟢 | Profits:  -2368.96 | Quantity:    1 🤑
INFO 2022-12-19 14:57:04,710 Symbol:  ETHUSD | Position:   34 | close price:  1183.81 | Side:  BUY 🟢 | Profits:  -3552.77 | Quantity:    1 🤑
INFO 2022-12-19 14:58:01,752 Symbol:  ETHUSD | Position:   35 | close price:  1183.55 | Side:  BUY 🟢 | Profits:  -4736.32 | Quantity:    1 🤑
INFO 2022-12-19 14:59:01,495 Symbol:  ETHUSD | Position:   36 | close price:  1183.61 | Side:  BUY 🟢 | Profits:  -5919.93 | Quantity:    1 🤑
INFO 2022-12-19 15:00:02,341 Symbol:  ETHUSD | Position:   37 | close price:  1183.68 | Side:  BUY 🟢 | Profits:  -7103.61 | Quantity:    1 🤑
INFO 2022-12-19 15:01:02,357 Symbol:  ETHUSD | Position:   38 | close price:   1183.9 | Side:  BUY 🟢 | Profits:  -8287.51 | Quantity:    1 🤑
INFO 2022-12-19 15:02:02,424 Symbol:  ETHUSD | Position:   39 | close price:  1184.02 | Side:  BUY 🟢 | Profits:  -9471.53 | Quantity:    1 🤑
INFO 2022-12-19 15:03:00,787 Symbol:  ETHUSD | Position:   40 | close price:  1184.32 | Side:  BUY 🟢 | Profits: -10655.85 | Quantity:    1 🤑
INFO 2022-12-19 15:04:01,755 Symbol:  ETHUSD | Position:   41 | close price:  1183.79 | Side:  BUY 🟢 | Profits: -11839.64 | Quantity:    1 🤑
INFO 2022-12-19 15:05:01,174 Symbol:  ETHUSD | Position:   42 | close price:  1183.71 | Side:  BUY 🟢 | Profits: -13023.35 | Quantity:    1 🤑
INFO 2022-12-19 15:06:00,652 Symbol:  ETHUSD | Position:   43 | close price:  1183.58 | Side:  BUY 🟢 | Profits: -14206.93 | Quantity:    1 🤑
INFO 2022-12-19 15:07:01,961 Symbol:  ETHUSD | Position:   44 | close price:  1183.13 | Side:  BUY 🟢 | Profits: -15390.06 | Quantity:    1 🤑
INFO 2022-12-19 15:08:01,652 Symbol:  ETHUSD | Position:   45 | close price:  1183.13 | Side:  BUY 🟢 | Profits: -16573.19 | Quantity:    1 🤑
INFO 2022-12-19 15:09:02,200 Symbol:  ETHUSD | Position:   46 | close price:  1183.22 | Side:  BUY 🟢 | Profits: -17756.41 | Quantity:    1 🤑
INFO 2022-12-19 15:10:00,730 Symbol:  ETHUSD | Position:   47 | close price:  1183.48 | Side:  BUY 🟢 | Profits: -18939.89 | Quantity:    1 🤑
INFO 2022-12-19 15:11:01,582 Symbol:  ETHUSD | Position:   48 | close price:  1183.21 | Side:  BUY 🟢 | Profits: -20123.10 | Quantity:    1 🤑
INFO 2022-12-19 15:12:03,227 Symbol:  ETHUSD | Position:   49 | close price:  1183.12 | Side:  BUY 🟢 | Profits: -21306.22 | Quantity:    1 🤑
INFO 2022-12-19 15:13:01,305 Symbol:  ETHUSD | Position:   50 | close price:  1183.32 | Side: SELL 🔴 | Profits: -20122.90 | Quantity:    1 💵
INFO 2022-12-19 15:14:03,017 Symbol:  ETHUSD | Position:   49 | close price:   1183.6 | Side: SELL 🔴 | Profits: -18939.30 | Quantity:    1 💵
INFO 2022-12-19 15:15:01,431 Symbol:  ETHUSD | Position:   48 | close price:  1182.91 | Side: SELL 🔴 | Profits: -17756.39 | Quantity:    1 💵
INFO 2022-12-19 15:16:01,455 Symbol:  ETHUSD | Position:   47 | close price:  1183.57 | Side: SELL 🔴 | Profits: -16572.82 | Quantity:    1 💵
INFO 2022-12-19 15:17:03,196 Symbol:  ETHUSD | Position:   46 | close price:  1183.53 | Side: SELL 🔴 | Profits: -15389.29 | Quantity:    1 💵
INFO 2022-12-19 15:18:02,513 Symbol:  ETHUSD | Position:   45 | close price:  1184.27 | Side: SELL 🔴 | Profits: -14205.02 | Quantity:    1 💵
INFO 2022-12-19 15:19:01,166 Symbol:  ETHUSD | Position:   44 | close price:  1184.31 | Side: SELL 🔴 | Profits: -13020.71 | Quantity:    1 💵
INFO 2022-12-19 15:20:02,628 Symbol:  ETHUSD | Position:   43 | close price:  1184.46 | Side: SELL 🔴 | Profits: -11836.25 | Quantity:    1 💵
INFO 2022-12-19 15:21:03,988 Symbol:  ETHUSD | Position:   42 | close price:   1184.5 | Side: SELL 🔴 | Profits: -10651.75 | Quantity:    1 💵
INFO 2022-12-19 15:22:01,798 Symbol:  ETHUSD | Position:   41 | close price:  1184.52 | Side:  BUY 🟢 | Profits: -11836.27 | Quantity:    1 🤑
INFO 2022-12-19 15:23:03,624 Symbol:  ETHUSD | Position:   42 | close price:  1184.44 | Side:  BUY 🟢 | Profits: -13020.71 | Quantity:    1 🤑
INFO 2022-12-19 15:24:01,010 Symbol:  ETHUSD | Position:   43 | close price:  1184.13 | Side:  BUY 🟢 | Profits: -14204.84 | Quantity:    1 🤑
INFO 2022-12-19 15:25:03,014 Symbol:  ETHUSD | Position:   44 | close price:  1183.99 | Side:  BUY 🟢 | Profits: -15388.83 | Quantity:    1 🤑
INFO 2022-12-19 15:26:00,902 Symbol:  ETHUSD | Position:   45 | close price:  1184.53 | Side:  BUY 🟢 | Profits: -16573.36 | Quantity:    1 🤑
INFO 2022-12-19 15:27:01,243 Symbol:  ETHUSD | Position:   46 | close price:  1184.29 | Side:  BUY 🟢 | Profits: -17757.65 | Quantity:    1 🤑
INFO 2022-12-19 15:28:01,166 Symbol:  ETHUSD | Position:   47 | close price:  1184.51 | Side:  BUY 🟢 | Profits: -18942.16 | Quantity:    1 🤑
INFO 2022-12-19 15:29:01,761 Symbol:  ETHUSD | Position:   48 | close price:  1185.37 | Side:  BUY 🟢 | Profits: -20127.53 | Quantity:    1 🤑
INFO 2022-12-19 15:30:01,241 Symbol:  ETHUSD | Position:   49 | close price:   1185.6 | Side:  BUY 🟢 | Profits: -21313.13 | Quantity:    1 🤑
INFO 2022-12-19 15:31:00,687 Symbol:  ETHUSD | Position:   50 | close price:   1185.6 | Side:  BUY 🟢 | Profits: -22498.73 | Quantity:    1 🤑
INFO 2022-12-19 15:32:01,183 Symbol:  ETHUSD | Position:   51 | close price:  1185.89 | Side:  BUY 🟢 | Profits: -23684.62 | Quantity:    1 🤑
INFO 2022-12-19 15:33:02,369 Symbol:  ETHUSD | Position:   52 | close price:  1184.92 | Side:  BUY 🟢 | Profits: -24869.54 | Quantity:    1 🤑
INFO 2022-12-19 15:34:01,546 Symbol:  ETHUSD | Position:   53 | close price:  1185.13 | Side:  BUY 🟢 | Profits: -26054.67 | Quantity:    1 🤑
INFO 2022-12-19 15:35:01,856 Symbol:  ETHUSD | Position:   54 | close price:  1184.97 | Side:  BUY 🟢 | Profits: -27239.64 | Quantity:    1 🤑
INFO 2022-12-19 15:36:01,610 Symbol:  ETHUSD | Position:   55 | close price:  1184.97 | Side:  BUY 🟢 | Profits: -28424.61 | Quantity:    1 🤑
INFO 2022-12-19 15:37:02,397 Symbol:  ETHUSD | Position:   56 | close price:  1185.27 | Side:  BUY 🟢 | Profits: -29609.88 | Quantity:    1 🤑
INFO 2022-12-19 15:38:01,677 Symbol:  ETHUSD | Position:   57 | close price:  1185.27 | Side:  BUY 🟢 | Profits: -30795.15 | Quantity:    1 🤑
INFO 2022-12-19 15:39:01,671 Symbol:  ETHUSD | Position:   58 | close price:  1185.09 | Side:  BUY 🟢 | Profits: -31980.24 | Quantity:    1 🤑
INFO 2022-12-19 15:40:02,861 Symbol:  ETHUSD | Position:   59 | close price:   1185.3 | Side:  BUY 🟢 | Profits: -33165.54 | Quantity:    1 🤑
INFO 2022-12-19 15:41:01,084 Symbol:  ETHUSD | Position:   60 | close price:  1184.29 | Side:  BUY 🟢 | Profits: -34349.83 | Quantity:    1 🤑
INFO 2022-12-19 15:42:02,010 Symbol:  ETHUSD | Position:   61 | close price:  1183.68 | Side:  BUY 🟢 | Profits: -35533.51 | Quantity:    1 🤑
INFO 2022-12-19 15:43:03,618 Symbol:  ETHUSD | Position:   62 | close price:  1183.44 | Side:  BUY 🟢 | Profits: -36716.95 | Quantity:    1 🤑
INFO 2022-12-19 15:44:02,236 Symbol:  ETHUSD | Position:   63 | close price:  1184.19 | Side: SELL 🔴 | Profits: -35532.76 | Quantity:    1 💵
INFO 2022-12-19 15:45:00,721 Symbol:  ETHUSD | Position:   62 | close price:  1184.08 | Side: SELL 🔴 | Profits: -34348.68 | Quantity:    1 💵
INFO 2022-12-19 15:46:02,246 Symbol:  ETHUSD | Position:   61 | close price:   1184.8 | Side: SELL 🔴 | Profits: -33163.88 | Quantity:    1 💵
INFO 2022-12-19 15:47:04,283 Symbol:  ETHUSD | Position:   60 | close price:  1184.73 | Side: SELL 🔴 | Profits: -31979.15 | Quantity:    1 💵
INFO 2022-12-19 15:48:04,657 Symbol:  ETHUSD | Position:   59 | close price:  1185.01 | Side: SELL 🔴 | Profits: -30794.14 | Quantity:    1 💵
INFO 2022-12-19 15:49:01,789 Symbol:  ETHUSD | Position:   58 | close price:  1184.87 | Side: SELL 🔴 | Profits: -29609.27 | Quantity:    1 💵
INFO 2022-12-19 15:50:01,865 Symbol:  ETHUSD | Position:   57 | close price:  1184.92 | Side: SELL 🔴 | Profits: -28424.35 | Quantity:    1 💵
INFO 2022-12-19 15:51:01,841 Symbol:  ETHUSD | Position:   56 | close price:  1185.06 | Side: SELL 🔴 | Profits: -27239.29 | Quantity:    1 💵
INFO 2022-12-19 15:52:01,478 Symbol:  ETHUSD | Position:   55 | close price:  1185.11 | Side: SELL 🔴 | Profits: -26054.18 | Quantity:    1 💵
INFO 2022-12-19 15:53:02,787 Symbol:  ETHUSD | Position:   54 | close price:  1184.89 | Side: SELL 🔴 | Profits: -24869.29 | Quantity:    1 💵
INFO 2022-12-19 15:54:02,039 Symbol:  ETHUSD | Position:   53 | close price:  1184.83 | Side: SELL 🔴 | Profits: -23684.46 | Quantity:    1 💵
INFO 2022-12-19 15:55:04,223 Symbol:  ETHUSD | Position:   52 | close price:  1184.67 | Side: SELL 🔴 | Profits: -22499.79 | Quantity:    1 💵
INFO 2022-12-19 15:56:01,919 Symbol:  ETHUSD | Position:   51 | close price:  1183.68 | Side:  BUY 🟢 | Profits: -23683.47 | Quantity:    1 🤑
INFO 2022-12-19 15:57:01,926 Symbol:  ETHUSD | Position:   52 | close price:  1184.25 | Side:  BUY 🟢 | Profits: -24867.72 | Quantity:    1 🤑
INFO 2022-12-19 15:58:03,173 Symbol:  ETHUSD | Position:   53 | close price:  1184.15 | Side:  BUY 🟢 | Profits: -26051.87 | Quantity:    1 🤑
INFO 2022-12-19 15:59:07,708 Symbol:  ETHUSD | Position:   54 | close price:  1184.57 | Side:  BUY 🟢 | Profits: -27236.44 | Quantity:    1 🤑
INFO 2022-12-19 16:00:08,625 Symbol:  ETHUSD | Position:   55 | close price:  1185.43 | Side:  BUY 🟢 | Profits: -28421.87 | Quantity:    1 🤑
INFO 2022-12-19 16:01:04,518 Symbol:  ETHUSD | Position:   56 | close price:  1184.36 | Side:  BUY 🟢 | Profits: -29606.23 | Quantity:    1 🤑
INFO 2022-12-19 16:02:01,029 Symbol:  ETHUSD | Position:   57 | close price:  1184.66 | Side:  BUY 🟢 | Profits: -30790.89 | Quantity:    1 🤑
INFO 2022-12-19 16:03:00,412 Symbol:  ETHUSD | Position:   58 | close price:  1184.76 | Side:  BUY 🟢 | Profits: -31975.65 | Quantity:    1 🤑
INFO 2022-12-19 16:04:04,292 Symbol:  ETHUSD | Position:   59 | close price:  1184.78 | Side:  BUY 🟢 | Profits: -33160.43 | Quantity:    1 🤑
INFO 2022-12-19 16:05:03,687 Symbol:  ETHUSD | Position:   60 | close price:  1184.53 | Side: SELL 🔴 | Profits: -31975.90 | Quantity:    1 💵
INFO 2022-12-19 16:06:03,803 Symbol:  ETHUSD | Position:   59 | close price:  1184.48 | Side: SELL 🔴 | Profits: -30791.42 | Quantity:    1 💵
INFO 2022-12-19 16:07:03,293 Symbol:  ETHUSD | Position:   58 | close price:  1184.71 | Side: SELL 🔴 | Profits: -29606.71 | Quantity:    1 💵
INFO 2022-12-19 16:08:05,412 Symbol:  ETHUSD | Position:   57 | close price:  1184.89 | Side: SELL 🔴 | Profits: -28421.82 | Quantity:    1 💵
INFO 2022-12-19 16:09:08,006 Symbol:  ETHUSD | Position:   56 | close price:  1184.21 | Side: SELL 🔴 | Profits: -27237.61 | Quantity:    1 💵
INFO 2022-12-19 16:10:02,566 Symbol:  ETHUSD | Position:   55 | close price:  1184.07 | Side: SELL 🔴 | Profits: -26053.54 | Quantity:    1 💵
INFO 2022-12-19 16:11:05,113 Symbol:  ETHUSD | Position:   54 | close price:  1183.67 | Side: SELL 🔴 | Profits: -24869.87 | Quantity:    1 💵
INFO 2022-12-19 16:12:00,481 Symbol:  ETHUSD | Position:   53 | close price:  1183.89 | Side: SELL 🔴 | Profits: -23685.98 | Quantity:    1 💵
INFO 2022-12-19 16:13:06,623 Symbol:  ETHUSD | Position:   52 | close price:  1184.26 | Side: SELL 🔴 | Profits: -22501.72 | Quantity:    1 💵
INFO 2022-12-19 16:14:01,963 Symbol:  ETHUSD | Position:   51 | close price:  1184.39 | Side: SELL 🔴 | Profits: -21317.33 | Quantity:    1 💵
INFO 2022-12-19 16:15:04,693 Symbol:  ETHUSD | Position:   50 | close price:  1184.81 | Side: SELL 🔴 | Profits: -20132.52 | Quantity:    1 💵
INFO 2022-12-19 16:16:03,410 Symbol:  ETHUSD | Position:   49 | close price:  1184.96 | Side: SELL 🔴 | Profits: -18947.56 | Quantity:    1 💵
INFO 2022-12-19 16:17:03,909 Symbol:  ETHUSD | Position:   48 | close price:  1185.12 | Side: SELL 🔴 | Profits: -17762.44 | Quantity:    1 💵
INFO 2022-12-19 16:18:01,971 Symbol:  ETHUSD | Position:   47 | close price:  1186.42 | Side:  BUY 🟢 | Profits: -18948.86 | Quantity:    1 🤑
INFO 2022-12-19 16:19:03,127 Symbol:  ETHUSD | Position:   48 | close price:  1187.45 | Side:  BUY 🟢 | Profits: -20136.31 | Quantity:    1 🤑
INFO 2022-12-19 16:20:00,327 Symbol:  ETHUSD | Position:   49 | close price:  1187.51 | Side:  BUY 🟢 | Profits: -21323.82 | Quantity:    1 🤑
INFO 2022-12-19 16:21:03,683 Symbol:  ETHUSD | Position:   50 | close price:   1187.1 | Side:  BUY 🟢 | Profits: -22510.92 | Quantity:    1 🤑
INFO 2022-12-19 16:22:01,680 Symbol:  ETHUSD | Position:   51 | close price:  1187.39 | Side:  BUY 🟢 | Profits: -23698.31 | Quantity:    1 🤑
INFO 2022-12-19 16:23:02,010 Symbol:  ETHUSD | Position:   52 | close price:  1187.48 | Side:  BUY 🟢 | Profits: -24885.79 | Quantity:    1 🤑
INFO 2022-12-19 16:24:04,621 Symbol:  ETHUSD | Position:   53 | close price:  1187.44 | Side:  BUY 🟢 | Profits: -26073.23 | Quantity:    1 🤑
INFO 2022-12-19 16:25:01,142 Symbol:  ETHUSD | Position:   54 | close price:  1187.88 | Side:  BUY 🟢 | Profits: -27261.11 | Quantity:    1 🤑
INFO 2022-12-19 16:26:03,362 Symbol:  ETHUSD | Position:   55 | close price:  1187.73 | Side:  BUY 🟢 | Profits: -28448.84 | Quantity:    1 🤑
INFO 2022-12-19 16:27:00,705 Symbol:  ETHUSD | Position:   56 | close price:  1187.51 | Side:  BUY 🟢 | Profits: -29636.35 | Quantity:    1 🤑
INFO 2022-12-19 16:28:01,030 Symbol:  ETHUSD | Position:   57 | close price:   1186.4 | Side:  BUY 🟢 | Profits: -30822.75 | Quantity:    1 🤑
INFO 2022-12-19 16:29:02,380 Symbol:  ETHUSD | Position:   58 | close price:  1186.73 | Side:  BUY 🟢 | Profits: -32009.48 | Quantity:    1 🤑
INFO 2022-12-19 16:30:02,759 Symbol:  ETHUSD | Position:   59 | close price:  1186.62 | Side:  BUY 🟢 | Profits: -33196.10 | Quantity:    1 🤑
INFO 2022-12-19 16:31:04,832 Symbol:  ETHUSD | Position:   60 | close price:  1187.17 | Side:  BUY 🟢 | Profits: -34383.27 | Quantity:    1 🤑
INFO 2022-12-19 16:32:02,902 Symbol:  ETHUSD | Position:   61 | close price:  1187.26 | Side:  BUY 🟢 | Profits: -35570.53 | Quantity:    1 🤑
INFO 2022-12-19 16:33:04,088 Symbol:  ETHUSD | Position:   62 | close price:  1186.92 | Side:  BUY 🟢 | Profits: -36757.45 | Quantity:    1 🤑
INFO 2022-12-19 16:34:01,794 Symbol:  ETHUSD | Position:   63 | close price:  1186.42 | Side:  BUY 🟢 | Profits: -37943.87 | Quantity:    1 🤑
INFO 2022-12-19 16:35:01,308 Symbol:  ETHUSD | Position:   64 | close price:  1186.57 | Side:  BUY 🟢 | Profits: -39130.44 | Quantity:    1 🤑
INFO 2022-12-19 16:36:00,705 Symbol:  ETHUSD | Position:   65 | close price:  1186.49 | Side:  BUY 🟢 | Profits: -40316.93 | Quantity:    1 🤑
INFO 2022-12-19 16:37:01,082 Symbol:  ETHUSD | Position:   66 | close price:  1186.85 | Side:  BUY 🟢 | Profits: -41503.78 | Quantity:    1 🤑
INFO 2022-12-19 16:38:00,613 Symbol:  ETHUSD | Position:   67 | close price:  1186.75 | Side:  BUY 🟢 | Profits: -42690.53 | Quantity:    1 🤑
INFO 2022-12-19 16:39:03,751 Symbol:  ETHUSD | Position:   68 | close price:  1187.67 | Side: SELL 🔴 | Profits: -41502.86 | Quantity:    1 💵
INFO 2022-12-19 16:40:01,783 Symbol:  ETHUSD | Position:   67 | close price:  1187.67 | Side: SELL 🔴 | Profits: -40315.19 | Quantity:    1 💵
INFO 2022-12-19 16:41:01,024 Symbol:  ETHUSD | Position:   66 | close price:  1187.75 | Side: SELL 🔴 | Profits: -39127.44 | Quantity:    1 💵
INFO 2022-12-19 16:42:00,206 Symbol:  ETHUSD | Position:   65 | close price:  1187.89 | Side: SELL 🔴 | Profits: -37939.55 | Quantity:    1 💵
INFO 2022-12-19 16:43:00,492 Symbol:  ETHUSD | Position:   64 | close price:  1187.26 | Side: SELL 🔴 | Profits: -36752.29 | Quantity:    1 💵
INFO 2022-12-19 16:44:00,703 Symbol:  ETHUSD | Position:   63 | close price:  1186.73 | Side: SELL 🔴 | Profits: -35565.56 | Quantity:    1 💵
INFO 2022-12-19 16:45:00,967 Symbol:  ETHUSD | Position:   62 | close price:  1186.76 | Side: SELL 🔴 | Profits: -34378.80 | Quantity:    1 💵
INFO 2022-12-19 16:46:01,178 Symbol:  ETHUSD | Position:   61 | close price:  1186.48 | Side: SELL 🔴 | Profits: -33192.32 | Quantity:    1 💵
INFO 2022-12-19 16:47:00,371 Symbol:  ETHUSD | Position:   60 | close price:  1186.26 | Side: SELL 🔴 | Profits: -32006.06 | Quantity:    1 💵
INFO 2022-12-19 16:48:00,598 Symbol:  ETHUSD | Position:   59 | close price:  1186.27 | Side: SELL 🔴 | Profits: -30819.79 | Quantity:    1 💵
INFO 2022-12-19 16:49:00,847 Symbol:  ETHUSD | Position:   58 | close price:  1186.12 | Side: SELL 🔴 | Profits: -29633.67 | Quantity:    1 💵
INFO 2022-12-19 16:50:01,119 Symbol:  ETHUSD | Position:   57 | close price:  1186.58 | Side:  BUY 🟢 | Profits: -30820.25 | Quantity:    1 🤑
INFO 2022-12-19 16:51:00,379 Symbol:  ETHUSD | Position:   58 | close price:  1186.58 | Side:  BUY 🟢 | Profits: -32006.83 | Quantity:    1 🤑
INFO 2022-12-19 16:52:00,667 Symbol:  ETHUSD | Position:   59 | close price:  1185.81 | Side: SELL 🔴 | Profits: -30821.02 | Quantity:    1 💵
INFO 2022-12-19 16:53:00,867 Symbol:  ETHUSD | Position:   58 | close price:  1186.15 | Side: SELL 🔴 | Profits: -29634.87 | Quantity:    1 💵
INFO 2022-12-19 16:54:01,051 Symbol:  ETHUSD | Position:   57 | close price:  1186.42 | Side: SELL 🔴 | Profits: -28448.45 | Quantity:    1 💵
INFO 2022-12-19 16:55:00,248 Symbol:  ETHUSD | Position:   56 | close price:   1186.4 | Side: SELL 🔴 | Profits: -27262.05 | Quantity:    1 💵
INFO 2022-12-19 16:56:00,559 Symbol:  ETHUSD | Position:   55 | close price:  1186.05 | Side: SELL 🔴 | Profits: -26076.00 | Quantity:    1 💵
INFO 2022-12-19 16:57:01,206 Symbol:  ETHUSD | Position:   54 | close price:  1186.81 | Side: SELL 🔴 | Profits: -24889.19 | Quantity:    1 💵
INFO 2022-12-19 16:58:00,389 Symbol:  ETHUSD | Position:   53 | close price:   1186.7 | Side: SELL 🔴 | Profits: -23702.49 | Quantity:    1 💵
INFO 2022-12-19 16:59:01,345 Symbol:  ETHUSD | Position:   52 | close price:  1186.29 | Side: SELL 🔴 | Profits: -22516.20 | Quantity:    1 💵
INFO 2022-12-19 17:00:00,542 Symbol:  ETHUSD | Position:   51 | close price:  1186.06 | Side: SELL 🔴 | Profits: -21330.14 | Quantity:    1 💵
INFO 2022-12-19 17:01:00,793 Symbol:  ETHUSD | Position:   50 | close price:  1186.49 | Side: SELL 🔴 | Profits: -20143.65 | Quantity:    1 💵
INFO 2022-12-19 17:02:00,999 Symbol:  ETHUSD | Position:   49 | close price:  1186.64 | Side: SELL 🔴 | Profits: -18957.01 | Quantity:    1 💵
INFO 2022-12-19 17:03:00,178 Symbol:  ETHUSD | Position:   48 | close price:  1186.36 | Side: SELL 🔴 | Profits: -17770.65 | Quantity:    1 💵
INFO 2022-12-19 17:04:00,465 Symbol:  ETHUSD | Position:   47 | close price:  1186.17 | Side: SELL 🔴 | Profits: -16584.48 | Quantity:    1 💵
INFO 2022-12-19 17:05:01,431 Symbol:  ETHUSD | Position:   46 | close price:  1185.99 | Side: SELL 🔴 | Profits: -15398.49 | Quantity:    1 💵
INFO 2022-12-19 17:06:00,868 Symbol:  ETHUSD | Position:   45 | close price:   1185.6 | Side: SELL 🔴 | Profits: -14212.89 | Quantity:    1 💵
INFO 2022-12-19 17:07:01,151 Symbol:  ETHUSD | Position:   44 | close price:  1185.79 | Side: SELL 🔴 | Profits: -13027.10 | Quantity:    1 💵
INFO 2022-12-19 17:08:03,156 Symbol:  ETHUSD | Position:   43 | close price:  1185.78 | Side: SELL 🔴 | Profits: -11841.32 | Quantity:    1 💵
INFO 2022-12-19 17:09:05,388 Symbol:  ETHUSD | Position:   42 | close price:  1185.32 | Side: SELL 🔴 | Profits: -10656.00 | Quantity:    1 💵
INFO 2022-12-19 17:10:01,635 Symbol:  ETHUSD | Position:   41 | close price:  1185.32 | Side: SELL 🔴 | Profits:  -9470.68 | Quantity:    1 💵
INFO 2022-12-19 17:11:00,919 Symbol:  ETHUSD | Position:   40 | close price:  1185.37 | Side: SELL 🔴 | Profits:  -8285.31 | Quantity:    1 💵
INFO 2022-12-19 17:12:01,283 Symbol:  ETHUSD | Position:   39 | close price:  1185.17 | Side: SELL 🔴 | Profits:  -7100.14 | Quantity:    1 💵
INFO 2022-12-19 17:13:00,466 Symbol:  ETHUSD | Position:   38 | close price:   1185.5 | Side: SELL 🔴 | Profits:  -5914.64 | Quantity:    1 💵
INFO 2022-12-19 17:14:00,788 Symbol:  ETHUSD | Position:   37 | close price:  1185.48 | Side: SELL 🔴 | Profits:  -4729.16 | Quantity:    1 💵
INFO 2022-12-19 17:15:00,995 Symbol:  ETHUSD | Position:   36 | close price:  1185.06 | Side: SELL 🔴 | Profits:  -3544.10 | Quantity:    1 💵
INFO 2022-12-19 17:16:01,215 Symbol:  ETHUSD | Position:   35 | close price:  1185.29 | Side: SELL 🔴 | Profits:  -2358.81 | Quantity:    1 💵
INFO 2022-12-19 17:17:00,409 Symbol:  ETHUSD | Position:   34 | close price:  1184.78 | Side: SELL 🔴 | Profits:  -1174.03 | Quantity:    1 💵
INFO 2022-12-19 17:18:00,910 Symbol:  ETHUSD | Position:   33 | close price:  1184.91 | Side: SELL 🔴 | Profits:     10.88 | Quantity:    1 💵
INFO 2022-12-19 17:19:01,300 Symbol:  ETHUSD | Position:   32 | close price:  1184.83 | Side: SELL 🔴 | Profits:   1195.71 | Quantity:    1 💵
INFO 2022-12-19 17:20:00,495 Symbol:  ETHUSD | Position:   31 | close price:   1184.9 | Side: SELL 🔴 | Profits:   2380.61 | Quantity:    1 💵
INFO 2022-12-19 17:21:00,684 Symbol:  ETHUSD | Position:   30 | close price:  1185.05 | Side: SELL 🔴 | Profits:   3565.66 | Quantity:    1 💵
INFO 2022-12-19 17:22:00,865 Symbol:  ETHUSD | Position:   29 | close price:  1184.95 | Side: SELL 🔴 | Profits:   4750.61 | Quantity:    1 💵
INFO 2022-12-19 17:23:01,049 Symbol:  ETHUSD | Position:   28 | close price:  1185.71 | Side: SELL 🔴 | Profits:   5936.32 | Quantity:    1 💵
INFO 2022-12-19 17:24:00,223 Symbol:  ETHUSD | Position:   27 | close price:   1185.7 | Side: SELL 🔴 | Profits:   7122.02 | Quantity:    1 💵
INFO 2022-12-19 17:25:00,400 Symbol:  ETHUSD | Position:   26 | close price:  1185.14 | Side: SELL 🔴 | Profits:   8307.16 | Quantity:    1 💵
INFO 2022-12-19 17:26:00,710 Symbol:  ETHUSD | Position:   25 | close price:  1185.15 | Side: SELL 🔴 | Profits:   9492.31 | Quantity:    1 💵
INFO 2022-12-19 17:27:00,898 Symbol:  ETHUSD | Position:   24 | close price:  1184.61 | Side: SELL 🔴 | Profits:  10676.92 | Quantity:    1 💵
INFO 2022-12-19 17:28:01,117 Symbol:  ETHUSD | Position:   23 | close price:  1184.31 | Side: SELL 🔴 | Profits:  11861.23 | Quantity:    1 💵
INFO 2022-12-19 17:29:00,307 Symbol:  ETHUSD | Position:   22 | close price:  1184.94 | Side: SELL 🔴 | Profits:  13046.17 | Quantity:    1 💵
INFO 2022-12-19 17:30:00,506 Symbol:  ETHUSD | Position:   21 | close price:   1184.3 | Side: SELL 🔴 | Profits:  14230.47 | Quantity:    1 💵
INFO 2022-12-19 17:31:00,690 Symbol:  ETHUSD | Position:   20 | close price:  1183.97 | Side: SELL 🔴 | Profits:  15414.44 | Quantity:    1 💵
INFO 2022-12-19 17:32:00,942 Symbol:  ETHUSD | Position:   19 | close price:  1184.22 | Side: SELL 🔴 | Profits:  16598.66 | Quantity:    1 💵
INFO 2022-12-19 17:33:01,845 Symbol:  ETHUSD | Position:   18 | close price:  1184.59 | Side: SELL 🔴 | Profits:  17783.25 | Quantity:    1 💵
INFO 2022-12-19 17:34:01,016 Symbol:  ETHUSD | Position:   17 | close price:  1184.18 | Side: SELL 🔴 | Profits:  18967.43 | Quantity:    1 💵
INFO 2022-12-19 17:35:00,206 Symbol:  ETHUSD | Position:   16 | close price:  1184.53 | Side: SELL 🔴 | Profits:  20151.96 | Quantity:    1 💵
INFO 2022-12-19 17:36:00,495 Symbol:  ETHUSD | Position:   15 | close price:  1184.79 | Side: SELL 🔴 | Profits:  21336.75 | Quantity:    1 💵
INFO 2022-12-19 17:37:00,785 Symbol:  ETHUSD | Position:   14 | close price:  1184.69 | Side: SELL 🔴 | Profits:  22521.44 | Quantity:    1 💵
INFO 2022-12-19 17:38:00,988 Symbol:  ETHUSD | Position:   13 | close price:   1184.6 | Side: SELL 🔴 | Profits:  23706.04 | Quantity:    1 💵
INFO 2022-12-19 17:39:01,260 Symbol:  ETHUSD | Position:   12 | close price:  1184.61 | Side: SELL 🔴 | Profits:  24890.65 | Quantity:    1 💵
INFO 2022-12-19 17:40:00,826 Symbol:  ETHUSD | Position:   11 | close price:  1185.02 | Side: SELL 🔴 | Profits:  26075.67 | Quantity:    1 💵
INFO 2022-12-19 17:41:04,091 Symbol:  ETHUSD | Position:   10 | close price:   1185.4 | Side: SELL 🔴 | Profits:  27261.07 | Quantity:    1 💵
INFO 2022-12-19 17:42:04,280 Symbol:  ETHUSD | Position:    9 | close price:   1185.4 | Side: SELL 🔴 | Profits:  28446.47 | Quantity:    1 💵
INFO 2022-12-19 17:43:00,643 Symbol:  ETHUSD | Position:    8 | close price:  1185.25 | Side: SELL 🔴 | Profits:  29631.72 | Quantity:    1 💵
INFO 2022-12-19 17:44:00,858 Symbol:  ETHUSD | Position:    7 | close price:  1185.33 | Side:  BUY 🟢 | Profits:  28446.39 | Quantity:    1 🤑
INFO 2022-12-19 17:45:01,128 Symbol:  ETHUSD | Position:    8 | close price:  1185.12 | Side:  BUY 🟢 | Profits:  27261.27 | Quantity:    1 🤑
INFO 2022-12-19 17:46:00,354 Symbol:  ETHUSD | Position:    9 | close price:  1185.13 | Side:  BUY 🟢 | Profits:  26076.14 | Quantity:    1 🤑
INFO 2022-12-19 17:47:02,082 Symbol:  ETHUSD | Position:   10 | close price:  1184.26 | Side:  BUY 🟢 | Profits:  24891.88 | Quantity:    1 🤑
INFO 2022-12-19 17:48:00,387 Symbol:  ETHUSD | Position:   11 | close price:  1183.97 | Side:  BUY 🟢 | Profits:  23707.91 | Quantity:    1 🤑
INFO 2022-12-19 17:49:00,577 Symbol:  ETHUSD | Position:   12 | close price:  1183.32 | Side:  BUY 🟢 | Profits:  22524.59 | Quantity:    1 🤑
INFO 2022-12-19 17:50:00,800 Symbol:  ETHUSD | Position:   13 | close price:  1183.07 | Side:  BUY 🟢 | Profits:  21341.52 | Quantity:    1 🤑
INFO 2022-12-19 17:51:00,994 Symbol:  ETHUSD | Position:   14 | close price:  1182.86 | Side:  BUY 🟢 | Profits:  20158.66 | Quantity:    1 🤑
INFO 2022-12-19 17:52:01,179 Symbol:  ETHUSD | Position:   15 | close price:  1183.43 | Side: SELL 🔴 | Profits:  21342.09 | Quantity:    1 💵
INFO 2022-12-19 17:53:00,351 Symbol:  ETHUSD | Position:   14 | close price:  1183.88 | Side: SELL 🔴 | Profits:  22525.97 | Quantity:    1 💵
INFO 2022-12-19 17:54:00,696 Symbol:  ETHUSD | Position:   13 | close price:  1183.72 | Side: SELL 🔴 | Profits:  23709.69 | Quantity:    1 💵
INFO 2022-12-19 17:55:01,498 Symbol:  ETHUSD | Position:   12 | close price:  1183.92 | Side: SELL 🔴 | Profits:  24893.61 | Quantity:    1 💵
INFO 2022-12-19 17:56:00,694 Symbol:  ETHUSD | Position:   11 | close price:  1183.47 | Side: SELL 🔴 | Profits:  26077.08 | Quantity:    1 💵
INFO 2022-12-19 17:57:00,939 Symbol:  ETHUSD | Position:   10 | close price:  1183.28 | Side: SELL 🔴 | Profits:  27260.36 | Quantity:    1 💵
INFO 2022-12-19 17:58:01,779 Symbol:  ETHUSD | Position:    9 | close price:  1183.24 | Side: SELL 🔴 | Profits:  28443.60 | Quantity:    1 💵
INFO 2022-12-19 17:59:03,179 Symbol:  ETHUSD | Position:    8 | close price:  1183.01 | Side: SELL 🔴 | Profits:  29626.61 | Quantity:    1 💵
INFO 2022-12-19 18:00:00,524 Symbol:  ETHUSD | Position:    7 | close price:  1183.48 | Side: SELL 🔴 | Profits:  30810.09 | Quantity:    1 💵
INFO 2022-12-19 18:01:02,377 Symbol:  ETHUSD | Position:    6 | close price:  1183.42 | Side: SELL 🔴 | Profits:  31993.51 | Quantity:    1 💵
INFO 2022-12-19 18:02:00,851 Symbol:  ETHUSD | Position:    5 | close price:  1183.42 | Side: SELL 🔴 | Profits:  33176.93 | Quantity:    1 💵
INFO 2022-12-19 18:03:01,267 Symbol:  ETHUSD | Position:    4 | close price:  1183.42 | Side: SELL 🔴 | Profits:  34360.35 | Quantity:    1 💵
INFO 2022-12-19 18:04:00,366 Symbol:  ETHUSD | Position:    3 | close price:  1183.45 | Side: SELL 🔴 | Profits:  35543.80 | Quantity:    1 💵
