********************
Fast 1272.2383333333335  /  Slow: 1269.9170833333335
Position: 10.9725 / Should Buy: True
Sleep for 0
********************
Fast 1272.2383333333335  /  Slow: 1269.9170833333335
Position: 10.9725 / Should Buy: True
Sleep for 59
********************
Fast 1272.0333333333333  /  Slow: 1270.1258333333333
Position: 10.9725 / Should Buy: True
Sleep for 59
********************
Fast 1271.8625  /  Slow: 1270.29375
Position: 10.9725 / Should Buy: True
Sleep for 0
********************
Fast 1271.8625  /  Slow: 1270.29375
Position: 10.9725 / Should Buy: True
Sleep for 59
********************
Fast 1271.6966666666667  /  Slow: 1270.4541666666667
Position: 10.9725 / Should Buy: True
Sleep for 0
********************
Fast 1271.6966666666667  /  Slow: 1270.4541666666667
Position: 10.9725 / Should Buy: True
Sleep for 59
********************
Fast 1270.9958333333332  /  Slow: 1270.3070833333334
Position: 10.9725 / Should Buy: True
Sleep for 59
********************
Fast 1270.1883333333333  /  Slow: 1270.23
Position: 10.9725 / Should Buy: False
Symbol: ETHUSD / Side: SELL / Quantity: 10.9725
Sleep for 0
********************
Fast 1270.1883333333333  /  Slow: 1270.23
Position: 9.9725 / Should Buy: False
Sleep for 59
********************
Fast 1269.6775  /  Slow: 1270.21
Position: 9.9725 / Should Buy: False
Sleep for 59
********************
Fast 1269.0475  /  Slow: 1270.1441666666667
Position: 9.9725 / Should Buy: False
Sleep for 0
********************
Fast 1269.0475  /  Slow: 1270.1441666666667
Position: 9.9725 / Should Buy: False
Sleep for 59
********************
Fast 1268.2783333333334  /  Slow: 1270.0304166666667
Position: 9.9725 / Should Buy: False
Sleep for 0
********************
Fast 1268.2783333333334  /  Slow: 1270.0304166666667
Position: 9.9725 / Should Buy: False
Sleep for 59
********************
Fast 1267.5441666666668  /  Slow: 1269.9075
Position: 9.9725 / Should Buy: False
Sleep for 59
********************
Fast 1266.8066666666666  /  Slow: 1269.6433333333334
Position: 9.9725 / Should Buy: False
Sleep for 0
********************
Fast 1266.8066666666666  /  Slow: 1269.6433333333334
Position: 9.9725 / Should Buy: False
Sleep for 59
********************
Fast 1266.265  /  Slow: 1269.3133333333333
Position: 9.9725 / Should Buy: False
Sleep for 0
********************
Fast 1266.265  /  Slow: 1269.3133333333333
Position: 9.9725 / Should Buy: False
Sleep for 59
********************
Fast 1265.7566666666667  /  Slow: 1269.01375
Position: 9.9725 / Should Buy: False
Sleep for 59
********************
Fast 1265.3408333333334  /  Slow: 1268.6870833333332
Position: 9.9725 / Should Buy: False
Sleep for 0
********************
Fast 1265.3408333333334  /  Slow: 1268.6870833333332
Position: 9.9725 / Should Buy: False
Sleep for 59
********************
Fast 1264.8700000000001  /  Slow: 1268.36625
Position: 9.9725 / Should Buy: False
Sleep for 0
********************
Fast 1264.8700000000001  /  Slow: 1268.36625
Position: 9.9725 / Should Buy: False
Sleep for 59
********************
Fast 1264.3866666666665  /  Slow: 1268.0416666666667
Position: 9.9725 / Should Buy: False
Sleep for 0
********************
Fast 1264.3866666666665  /  Slow: 1268.0416666666667
Position: 9.9725 / Should Buy: False
Sleep for 59
********************
Fast 1264.39  /  Slow: 1267.6929166666666
Position: 9.9725 / Should Buy: False
Sleep for 59
********************
Fast 1264.3183333333334  /  Slow: 1267.2637499999998
Position: 9.9725 / Should Buy: False
Sleep for 0
********************
Fast 1264.3183333333334  /  Slow: 1267.2637499999998
Position: 9.9725 / Should Buy: False
Sleep for 59
********************
Fast 1264.2541666666668  /  Slow: 1266.9766666666667
Position: 9.9725 / Should Buy: False
Sleep for 59
********************
Fast 1264.4025  /  Slow: 1266.7250000000001
Position: 9.9725 / Should Buy: False
Sleep for 59
********************
Fast 1264.5616666666667  /  Slow: 1266.4304166666666
Position: 9.9725 / Should Buy: False
Sleep for 59
********************
Fast 1264.8116666666667  /  Slow: 1266.1779166666668
Position: 9.9725 / Should Buy: False
Sleep for 59
********************
Fast 1265.2775  /  Slow: 1266.0420833333333
Position: 9.9725 / Should Buy: False
Sleep for 59
********************
Fast 1265.535  /  Slow: 1265.9033333333334
Position: 9.9725 / Should Buy: False
Sleep for 59
********************
Fast 1265.9566666666667  /  Slow: 1265.8566666666668
Position: 9.9725 / Should Buy: True
Symbol: ETHUSD / Side: BUY / Quantity: 1
Sleep for 59
********************
Fast 1266.3033333333333  /  Slow: 1265.8220833333332
Position: 10.97 / Should Buy: True
Sleep for 59
********************
Fast 1266.7491666666667  /  Slow: 1265.8095833333334
Position: 10.97 / Should Buy: True
Sleep for 0
********************
Fast 1266.7491666666667  /  Slow: 1265.8095833333334
Position: 10.97 / Should Buy: True
Sleep for 59
********************
Fast 1267.0741666666668  /  Slow: 1265.7304166666668
Position: 10.97 / Should Buy: True
Sleep for 58
********************
Fast 1267.3641666666667  /  Slow: 1265.8770833333333
Position: 10.97 / Should Buy: True
Sleep for 58
********************
Fast 1267.5800000000002  /  Slow: 1265.9570833333335
Position: 10.97 / Should Buy: True
Sleep for 58
********************
Fast 1267.5833333333333  /  Slow: 1265.9195833333333
Position: 10.97 / Should Buy: True
Sleep for 59
********************
Fast 1267.6083333333333  /  Slow: 1266.0054166666666
Position: 10.97 / Should Buy: True
Sleep for 59
********************
Fast 1267.7691666666667  /  Slow: 1266.1633333333332
Position: 10.97 / Should Buy: True
Sleep for 58
********************
Fast 1267.765  /  Slow: 1266.2883333333334
Position: 10.97 / Should Buy: True
Sleep for 59
********************
Fast 1267.5708333333332  /  Slow: 1266.4241666666667
Position: 10.97 / Should Buy: True
Sleep for 59
********************
Fast 1267.5525  /  Slow: 1266.54375
Position: 10.97 / Should Buy: True
Sleep for 57
********************
Fast 1267.2424999999998  /  Slow: 1266.5995833333334
Position: 10.97 / Should Buy: True
Sleep for 59
********************
Fast 1267.1175  /  Slow: 1266.7104166666666
Position: 10.97 / Should Buy: True
Sleep for 59
********************
Fast 1266.9266666666665  /  Slow: 1266.84
Position: 10.97 / Should Buy: True
Sleep for 59
********************
Fast 1266.8500000000001  /  Slow: 1266.95375
Position: 10.97 / Should Buy: False
Symbol: ETHUSD / Side: SELL / Quantity: 10.97
Sleep for 59
********************
Fast 1266.8533333333332  /  Slow: 1267.1087499999999
Position: 9.97 / Should Buy: False
Sleep for 59
********************
Fast 1266.9666666666665  /  Slow: 1267.2733333333333
Position: 9.97 / Should Buy: False
Sleep for 59
********************
Fast 1267.1299999999999  /  Slow: 1267.3566666666668
Position: 9.97 / Should Buy: False
Sleep for 0
********************
Fast 1267.1299999999999  /  Slow: 1267.3566666666668
Position: 9.97 / Should Buy: False
Sleep for 59
********************
Fast 1267.3358333333333  /  Slow: 1267.4720833333333
Position: 9.97 / Should Buy: False
Sleep for 59
********************
Fast 1267.5616666666667  /  Slow: 1267.6629166666667
Position: 9.97 / Should Buy: False
Sleep for 59
********************
Fast 1267.8958333333333  /  Slow: 1267.8304166666667
Position: 9.97 / Should Buy: True
Symbol: ETHUSD / Side: BUY / Quantity: 1
Sleep for 59
********************
Fast 1268.2775  /  Slow: 1267.9241666666667
Position: 10.9675 / Should Buy: True
Sleep for 59
********************
Fast 1268.5483333333332  /  Slow: 1268.0504166666667
Position: 10.9675 / Should Buy: True
Sleep for 58
********************
Fast 1269.0258333333334  /  Slow: 1268.1341666666665
Position: 10.9675 / Should Buy: True
Sleep for 59
********************
Fast 1269.4983333333332  /  Slow: 1268.3079166666666
Position: 10.9675 / Should Buy: True
Sleep for 59
********************
Fast 1269.965  /  Slow: 1268.4458333333334
Position: 10.9675 / Should Buy: True
Sleep for 59
********************
Fast 1270.3991666666666  /  Slow: 1268.6245833333332
Position: 10.9675 / Should Buy: True
Sleep for 0
********************
Fast 1270.3991666666666  /  Slow: 1268.6245833333332
Position: 10.9675 / Should Buy: True
Sleep for 59
********************
Fast 1270.9475  /  Slow: 1268.9004166666666
Position: 10.9675 / Should Buy: True
Sleep for 59
********************
Fast 1271.4733333333334  /  Slow: 1269.22
Position: 10.9675 / Should Buy: True
Sleep for 59
********************
Fast 1271.9133333333334  /  Slow: 1269.5216666666668
Position: 10.9675 / Should Buy: True
Sleep for 59
********************
Fast 1272.3533333333332  /  Slow: 1269.8445833333333
Position: 10.9675 / Should Buy: True
Sleep for 59
********************
Fast 1272.7916666666667  /  Slow: 1270.1766666666667
Position: 10.9675 / Should Buy: True
Sleep for 59
********************
Fast 1273.1249999999998  /  Slow: 1270.5104166666667
Position: 10.9675 / Should Buy: True
Sleep for 59
********************
Fast 1273.3583333333333  /  Slow: 1270.8179166666666
Position: 10.9675 / Should Buy: True
Sleep for 59
********************
Fast 1273.5166666666667  /  Slow: 1271.0325
Position: 10.9675 / Should Buy: True
Sleep for 59
********************
Fast 1273.7558333333334  /  Slow: 1271.3908333333331
Position: 10.9675 / Should Buy: True
Sleep for 59
********************
Fast 1273.8933333333334  /  Slow: 1271.6958333333332
Position: 10.9675 / Should Buy: True
Sleep for 59
********************
Fast 1273.985  /  Slow: 1271.9750000000001
Position: 10.9675 / Should Buy: True
Sleep for 59
********************
Fast 1274.1575  /  Slow: 1272.2783333333334
Position: 10.9675 / Should Buy: True
Sleep for 59
********************
Fast 1274.1291666666666  /  Slow: 1272.5383333333334
Position: 10.9675 / Should Buy: True
Sleep for 59
********************
Fast 1274.085  /  Slow: 1272.7825
Position: 10.9675 / Should Buy: True
Sleep for 0
********************
Fast 1274.085  /  Slow: 1272.7825
Position: 10.9675 / Should Buy: True
Sleep for 59
********************
Fast 1274.0325  /  Slow: 1272.9729166666666
Position: 10.9675 / Should Buy: True
Sleep for 59
********************
Fast 1273.8033333333333  /  Slow: 1273.0779166666669
Position: 10.9675 / Should Buy: True
Sleep for 59
********************
Fast 1273.5583333333332  /  Slow: 1273.175
Position: 10.9675 / Should Buy: True
Sleep for 59
********************
Fast 1273.3733333333334  /  Slow: 1273.2529166666666
Position: 10.9675 / Should Buy: True
Sleep for 59
********************
Fast 1273.3525000000002  /  Slow: 1273.3516666666667
Position: 10.9675 / Should Buy: True
Sleep for 59
********************
Fast 1273.3425  /  Slow: 1273.4254166666667
Position: 10.9675 / Should Buy: False
Symbol: ETHUSD / Side: SELL / Quantity: 10.9675
Sleep for 59
********************
Fast 1273.2608333333333  /  Slow: 1273.5083333333334
Position: 9.9675 / Should Buy: False
Sleep for 58
********************
Fast 1273.2608333333333  /  Slow: 1273.5083333333334
Position: 9.9675 / Should Buy: False
Sleep for 59
********************
Fast 1273.1733333333334  /  Slow: 1273.5249999999999
Position: 9.9675 / Should Buy: False
Sleep for 59
********************
Fast 1273.1508333333334  /  Slow: 1273.5679166666666
Position: 9.9675 / Should Buy: False
Sleep for 59
********************
Fast 1273.1875  /  Slow: 1273.6725000000001
Position: 9.9675 / Should Buy: False
Sleep for 59
********************
Fast 1273.4741666666669  /  Slow: 1273.8016666666665
Position: 9.9675 / Should Buy: False
Sleep for 59
********************
Fast 1273.7625  /  Slow: 1273.92375
Position: 9.9675 / Should Buy: False
Sleep for 59
********************
Fast 1274.2900000000002  /  Slow: 1274.1612499999999
Position: 9.9675 / Should Buy: True
Symbol: ETHUSD / Side: BUY / Quantity: 1
Sleep for 59
********************
Fast 1275.006666666667  /  Slow: 1274.405
Position: 10.965 / Should Buy: True
Sleep for 59
********************
Fast 1275.4208333333333  /  Slow: 1274.48875
Position: 10.965 / Should Buy: True
Sleep for 59
********************
Fast 1275.9258333333335  /  Slow: 1274.6495833333333
Position: 10.965 / Should Buy: True
Sleep for 59
********************
Fast 1276.4708333333333  /  Slow: 1274.9116666666666
Position: 10.965 / Should Buy: True
Sleep for 59
********************
Fast 1277.0191666666667  /  Slow: 1275.1808333333336
Position: 10.965 / Should Buy: True
Sleep for 59
********************
Fast 1277.5375000000001  /  Slow: 1275.3991666666668
Position: 10.965 / Should Buy: True
Sleep for 59
********************
Fast 1277.9283333333335  /  Slow: 1275.5508333333335
Position: 10.965 / Should Buy: True
Sleep for 59
********************
Fast 1278.2675  /  Slow: 1275.7091666666668
Position: 10.965 / Should Buy: True
Sleep for 59
********************
Fast 1278.6041666666665  /  Slow: 1275.8958333333333
Position: 10.965 / Should Buy: True
Sleep for 0
********************
Fast 1278.6041666666665  /  Slow: 1275.8958333333333
Position: 10.965 / Should Buy: True
Sleep for 59
********************
Fast 1278.743333333333  /  Slow: 1276.10875
Position: 10.965 / Should Buy: True
Sleep for 59
********************
Fast 1278.8300000000002  /  Slow: 1276.29625
Position: 10.965 / Should Buy: True
Sleep for 59
********************
Fast 1278.8416666666665  /  Slow: 1276.5658333333333
Position: 10.965 / Should Buy: True
Sleep for 59
********************
Fast 1278.7924999999998  /  Slow: 1276.8995833333333
Position: 10.965 / Should Buy: True
Sleep for 59
********************
Fast 1278.9108333333334  /  Slow: 1277.1658333333332
Position: 10.965 / Should Buy: True
Sleep for 59
********************
Fast 1279.2266666666667  /  Slow: 1277.5762499999998
Position: 10.965 / Should Buy: True
Sleep for 59
********************
Fast 1279.235  /  Slow: 1277.8529166666667
Position: 10.965 / Should Buy: True
Sleep for 59
********************
Fast 1279.1666666666667  /  Slow: 1278.0929166666667
Position: 10.965 / Should Buy: True
Sleep for 59
********************
Fast 1279.015  /  Slow: 1278.2762500000001
Position: 10.965 / Should Buy: True
Sleep for 0
********************
Fast 1279.015  /  Slow: 1278.2762500000001
Position: 10.965 / Should Buy: True
Sleep for 59
********************
Fast 1279.0166666666667  /  Slow: 1278.4725
Position: 10.965 / Should Buy: True
Sleep for 59
********************
Fast 1279.1108333333334  /  Slow: 1278.6891666666666
Position: 10.965 / Should Buy: True
Sleep for 59
********************
Fast 1279.18  /  Slow: 1278.8920833333334
Position: 10.965 / Should Buy: True
Sleep for 59
********************
Fast 1279.235  /  Slow: 1278.9891666666667
Position: 10.965 / Should Buy: True
Sleep for 59
********************
Fast 1279.2075  /  Slow: 1279.01875
Position: 10.965 / Should Buy: True
Sleep for 59
********************
Fast 1279.1850000000002  /  Slow: 1279.0133333333333
Position: 10.965 / Should Buy: True
Sleep for 59
********************
Fast 1279.0566666666666  /  Slow: 1278.9245833333334
Position: 10.965 / Should Buy: True
Sleep for 59
********************
Fast 1278.9199999999998  /  Slow: 1278.9154166666667
Position: 10.965 / Should Buy: True
Sleep for 59
********************
Fast 1278.5908333333334  /  Slow: 1278.9087499999998
Position: 10.965 / Should Buy: False
Symbol: ETHUSD / Side: SELL / Quantity: 10.965
Sleep for 59
********************
Fast 1278.6141666666667  /  Slow: 1278.9245833333332
Position: 9.965 / Should Buy: False
Sleep for 59
********************
Fast 1278.5816666666667  /  Slow: 1278.8741666666667
Position: 9.965 / Should Buy: False
Sleep for 59
********************
Fast 1278.82  /  Slow: 1278.9183333333333
Position: 9.965 / Should Buy: False
Sleep for 57
********************
Fast 1278.82  /  Slow: 1278.9183333333333
Position: 9.965 / Should Buy: False
Sleep for 0
********************
Fast 1278.82  /  Slow: 1278.9183333333333
Position: 9.965 / Should Buy: False
Sleep for 59
********************
Fast 1279.1341666666667  /  Slow: 1279.1225
Position: 9.965 / Should Buy: True
Symbol: ETHUSD / Side: BUY / Quantity: 1
Sleep for 59
********************
Fast 1279.3233333333335  /  Slow: 1279.2516666666666
Position: 10.9625 / Should Buy: True
Sleep for 59
********************
Fast 1279.5600000000002  /  Slow: 1279.3974999999998
Position: 10.9625 / Should Buy: True
Sleep for 59
********************
Fast 1280.0566666666666  /  Slow: 1279.6320833333334
Position: 10.9625 / Should Buy: True
Sleep for 59
********************
Fast 1280.5941666666665  /  Slow: 1279.8895833333333
Position: 10.9625 / Should Buy: True
Sleep for 59
********************
Fast 1281.2508333333333  /  Slow: 1280.15375
Position: 10.9625 / Should Buy: True
Sleep for 59
********************
Fast 1282.1275  /  Slow: 1280.52375
Position: 10.9625 / Should Buy: True
Sleep for 59
********************
Fast 1282.9608333333333  /  Slow: 1280.7758333333334
Position: 10.9625 / Should Buy: True
Sleep for 0
********************
Fast 1282.9608333333333  /  Slow: 1280.7758333333334
Position: 10.9625 / Should Buy: True
Sleep for 59
********************
Fast 1283.6991666666665  /  Slow: 1281.1566666666665
Position: 10.9625 / Should Buy: True
Sleep for 58
********************
Fast 1284.6558333333335  /  Slow: 1281.6187499999999
Position: 10.9625 / Should Buy: True
Sleep for 0
********************
Fast 1284.6558333333335  /  Slow: 1281.6187499999999
Position: 10.9625 / Should Buy: True
Sleep for 59
********************
Fast 1285.59  /  Slow: 1282.1191666666666
Position: 10.9625 / Should Buy: True
Sleep for 59
********************
Fast 1286.3275  /  Slow: 1282.57375
Position: 10.9625 / Should Buy: True
Sleep for 59
********************
Fast 1286.8625  /  Slow: 1282.9983333333334
Position: 10.9625 / Should Buy: True
Sleep for 59
********************
Fast 1287.4916666666666  /  Slow: 1283.4075
Position: 10.9625 / Should Buy: True
Sleep for 59
********************
Fast 1288.3408333333332  /  Slow: 1283.9504166666666
Position: 10.9625 / Should Buy: True
Sleep for 59
********************
Fast 1288.98  /  Slow: 1284.5183333333332
Position: 10.9625 / Should Buy: True
Sleep for 59
********************
Fast 1289.6291666666666  /  Slow: 1285.1116666666667
Position: 10.9625 / Should Buy: True
Sleep for 59
********************
Fast 1290.2183333333332  /  Slow: 1285.7345833333334
Position: 10.9625 / Should Buy: True
Sleep for 59
********************
Fast 1290.555  /  Slow: 1286.34125
Position: 10.9625 / Should Buy: True
Sleep for 59
********************
Fast 1290.9183333333333  /  Slow: 1286.9395833333333
Position: 10.9625 / Should Buy: True
Sleep for 59
********************
Fast 1291.2916666666667  /  Slow: 1287.4954166666666
Position: 10.9625 / Should Buy: True
Sleep for 59
********************
Fast 1291.6808333333333  /  Slow: 1288.1683333333333
Position: 10.9625 / Should Buy: True
Sleep for 0
********************
Fast 1291.6808333333333  /  Slow: 1288.1683333333333
Position: 10.9625 / Should Buy: True
Sleep for 59
********************
Fast 1292.1708333333333  /  Slow: 1288.8804166666666
Position: 10.9625 / Should Buy: True
Sleep for 58
********************
Fast 1292.6499999999999  /  Slow: 1289.48875
Position: 10.9625 / Should Buy: True
Sleep for 59
********************
Fast 1293.1283333333333  /  Slow: 1289.9954166666666
Position: 10.9625 / Should Buy: True
Sleep for 0
********************
Fast 1293.1283333333333  /  Slow: 1289.9954166666666
Position: 10.9625 / Should Buy: True
Sleep for 59
********************
Fast 1293.825  /  Slow: 1290.6583333333333
Position: 10.9625 / Should Buy: True
Sleep for 59
********************
Fast 1294.0075  /  Slow: 1291.1741666666667
Position: 10.9625 / Should Buy: True
Sleep for 59
********************
Fast 1294.4125000000001  /  Slow: 1291.69625
Position: 10.9625 / Should Buy: True
Sleep for 59
********************
Fast 1294.2733333333333  /  Slow: 1291.9512499999998
Position: 10.9625 / Should Buy: True
Sleep for 59
********************
Fast 1294.1125  /  Slow: 1292.1654166666667
Position: 10.9625 / Should Buy: True
Sleep for 59
********************
Fast 1294.1533333333334  /  Slow: 1292.3541666666667
Position: 10.9625 / Should Buy: True
Sleep for 59
********************
Fast 1294.0133333333333  /  Slow: 1292.4658333333334
Position: 10.9625 / Should Buy: True
Sleep for 59
********************
Fast 1293.7741666666668  /  Slow: 1292.5329166666668
Position: 10.9625 / Should Buy: True
Sleep for 59
********************
Fast 1293.35  /  Slow: 1292.5154166666666
Position: 10.9625 / Should Buy: True
Sleep for 59
********************
Fast 1292.88  /  Slow: 1292.5254166666666
Position: 10.9625 / Should Buy: True
Sleep for 0
********************
Fast 1292.88  /  Slow: 1292.5254166666666
Position: 10.9625 / Should Buy: True
Sleep for 59
********************
Fast 1292.6041666666667  /  Slow: 1292.6270833333333
Position: 10.9625 / Should Buy: False
Symbol: ETHUSD / Side: SELL / Quantity: 10.9625
Sleep for 59
********************
Fast 1292.1708333333333  /  Slow: 1292.6495833333333
Position: 9.9625 / Should Buy: False
Sleep for 59
********************
Fast 1291.6033333333332  /  Slow: 1292.7141666666666
Position: 9.9625 / Should Buy: False
Sleep for 59
********************
Fast 1291.2525  /  Slow: 1292.63
Position: 9.9625 / Should Buy: False
Sleep for 59
********************
Fast 1290.6425  /  Slow: 1292.5275
Position: 9.9625 / Should Buy: False
Sleep for 59
********************
Fast 1290.5066666666667  /  Slow: 1292.39
Position: 9.9625 / Should Buy: False
Sleep for 58
********************
Fast 1290.3508333333334  /  Slow: 1292.2316666666668
Position: 9.9625 / Should Buy: False
Sleep for 59
********************
Fast 1290.0016666666668  /  Slow: 1292.0775
Position: 9.9625 / Should Buy: False
Sleep for 0
********************
Fast 1290.0016666666668  /  Slow: 1292.0775
Position: 9.9625 / Should Buy: False
Sleep for 59
********************
Fast 1289.6541666666667  /  Slow: 1291.83375
Position: 9.9625 / Should Buy: False
Sleep for 59
********************
Fast 1289.3308333333334  /  Slow: 1291.3404166666667
Position: 9.9625 / Should Buy: False
Sleep for 58
********************
Fast 1289.3308333333334  /  Slow: 1291.3404166666667
Position: 9.9625 / Should Buy: False
Sleep for 59
********************
Fast 1289.0116666666665  /  Slow: 1290.9458333333334
Position: 9.9625 / Should Buy: False
Sleep for 59
********************
Fast 1288.7375  /  Slow: 1290.6708333333333
Position: 9.9625 / Should Buy: False
Sleep for 0
********************
Fast 1288.5083333333334  /  Slow: 1290.3395833333334
Position: 9.9625 / Should Buy: False
Sleep for 58
********************
Fast 1288.5083333333334  /  Slow: 1290.3395833333334
Position: 9.9625 / Should Buy: False
Sleep for 59
********************
Fast 1288.0516666666667  /  Slow: 1289.8275
Position: 9.9625 / Should Buy: False
Sleep for 0
********************
Fast 1288.0516666666667  /  Slow: 1289.8275
Position: 9.9625 / Should Buy: False
Sleep for 59
********************
Fast 1287.74  /  Slow: 1289.49625
Position: 9.9625 / Should Buy: False
Sleep for 59
********************
Fast 1287.5383333333332  /  Slow: 1289.0904166666667
Position: 9.9625 / Should Buy: False
Sleep for 58
********************
Fast 1287.3333333333333  /  Slow: 1288.92
Position: 9.9625 / Should Buy: False
Sleep for 59
********************
Fast 1287.2683333333332  /  Slow: 1288.8095833333334
Position: 9.9625 / Should Buy: False
Sleep for 0
********************
Fast 1287.2683333333332  /  Slow: 1288.8095833333334
Position: 9.9625 / Should Buy: False
Sleep for 59
********************
Fast 1287.3683333333333  /  Slow: 1288.51125
Position: 9.9625 / Should Buy: False
Sleep for 58
********************
Fast 1287.3683333333333  /  Slow: 1288.51125
Position: 9.9625 / Should Buy: False
Sleep for 59
********************
Fast 1287.3791666666666  /  Slow: 1288.3754166666668
Position: 9.9625 / Should Buy: False
Sleep for 59
********************
Fast 1287.2  /  Slow: 1288.2654166666669
Position: 9.9625 / Should Buy: False
Sleep for 59
********************
Fast 1287.2241666666666  /  Slow: 1288.1179166666668
Position: 9.9625 / Should Buy: False
Sleep for 59
********************
Fast 1287.1233333333332  /  Slow: 1287.9304166666668
Position: 9.9625 / Should Buy: False
Sleep for 59
********************
Fast 1287.4475  /  Slow: 1287.9779166666665
Position: 9.9625 / Should Buy: False
Sleep for 58
********************
Fast 1287.83  /  Slow: 1287.9408333333333
Position: 9.9625 / Should Buy: False
Sleep for 59
********************
Fast 1288.2608333333333  /  Slow: 1288.0004166666665
Position: 9.9625 / Should Buy: True
Symbol: ETHUSD / Side: BUY / Quantity: 1
Sleep for 59
********************
Fast 1288.3358333333333  /  Slow: 1287.9370833333335
Position: 10.96 / Should Buy: True
Sleep for 59
********************
Fast 1288.4025  /  Slow: 1287.8679166666668
Position: 10.96 / Should Buy: True
Sleep for 59
********************
Fast 1288.5375000000001  /  Slow: 1287.9029166666667
Position: 10.96 / Should Buy: True
Sleep for 59
********************
Fast 1288.5758333333333  /  Slow: 1287.9166666666667
Position: 10.96 / Should Buy: True
Sleep for 0
********************
Fast 1288.5758333333333  /  Slow: 1287.9166666666667
Position: 10.96 / Should Buy: True
Sleep for 59
********************
Fast 1288.6475  /  Slow: 1288.0079166666667
Position: 10.96 / Should Buy: True
Sleep for 59
********************
Fast 1288.7216666666668  /  Slow: 1288.0504166666667
Position: 10.96 / Should Buy: True
Sleep for 59
********************
Fast 1288.8933333333332  /  Slow: 1288.0466666666666
Position: 10.96 / Should Buy: True
Sleep for 59
********************
Fast 1289.0808333333332  /  Slow: 1288.1525
Position: 10.96 / Should Buy: True
Sleep for 59
********************
Fast 1289.3333333333333  /  Slow: 1288.2283333333332
Position: 10.96 / Should Buy: True
Sleep for 59
********************
Fast 1289.2666666666667  /  Slow: 1288.3570833333333
Position: 10.96 / Should Buy: True
Sleep for 59
********************
Fast 1289.2608333333335  /  Slow: 1288.5454166666666
Position: 10.96 / Should Buy: True
Sleep for 59
********************
Fast 1288.8625  /  Slow: 1288.5616666666667
Position: 10.96 / Should Buy: True
Sleep for 0
********************
Fast 1288.8625  /  Slow: 1288.5616666666667
Position: 10.96 / Should Buy: True
Sleep for 59
********************
Fast 1288.805  /  Slow: 1288.5704166666667
Position: 10.96 / Should Buy: True
Sleep for 59
********************
Fast 1288.6191666666666  /  Slow: 1288.5108333333335
Position: 10.96 / Should Buy: True
Sleep for 59
********************
Fast 1288.2591666666667  /  Slow: 1288.3983333333333
Position: 10.96 / Should Buy: False
Symbol: ETHUSD / Side: SELL / Quantity: 10.96
Sleep for 59
********************
Fast 1288.1308333333334  /  Slow: 1288.3533333333332
Position: 9.96 / Should Buy: False
Sleep for 59
********************
Fast 1287.8191666666667  /  Slow: 1288.2333333333333
Position: 9.96 / Should Buy: False
Sleep for 59
********************
Fast 1287.7541666666666  /  Slow: 1288.2379166666667
Position: 9.96 / Should Buy: False
Sleep for 59
********************
Fast 1287.6808333333336  /  Slow: 1288.2870833333334
Position: 9.96 / Should Buy: False
Sleep for 59
********************
Fast 1287.6191666666666  /  Slow: 1288.3500000000001
Position: 9.96 / Should Buy: False
Sleep for 59
********************
Fast 1287.381666666667  /  Slow: 1288.3574999999998
Position: 9.96 / Should Buy: False
Sleep for 59
********************
Fast 1287.1725000000001  /  Slow: 1288.2195833333333
Position: 9.96 / Should Buy: False
Sleep for 0
********************
Fast 1287.1725000000001  /  Slow: 1288.2195833333333
Position: 9.96 / Should Buy: False
Sleep for 58
********************
Fast 1287.1391666666666  /  Slow: 1288.2
Position: 9.96 / Should Buy: False
Sleep for 0
********************
Fast 1287.1391666666666  /  Slow: 1288.2
Position: 9.96 / Should Buy: False
Sleep for 59
********************
Fast 1287.2408333333333  /  Slow: 1288.0516666666667
Position: 9.96 / Should Buy: False
Sleep for 59
********************
Fast 1287.3783333333333  /  Slow: 1288.0916666666667
Position: 9.96 / Should Buy: False
Sleep for 58
********************
Fast 1287.6075  /  Slow: 1288.1133333333332
Position: 9.96 / Should Buy: False
Sleep for 57
********************
Fast 1287.8358333333333  /  Slow: 1288.0475000000001
Position: 9.96 / Should Buy: False
Sleep for 0
********************
Fast 1287.8358333333333  /  Slow: 1288.0475000000001
Position: 9.96 / Should Buy: False
Sleep for 59
********************
Fast 1287.9816666666668  /  Slow: 1288.0562499999999
Position: 9.96 / Should Buy: False
Sleep for 59
********************
Fast 1288.3058333333333  /  Slow: 1288.0625
Position: 9.96 / Should Buy: True
Symbol: ETHUSD / Side: BUY / Quantity: 1
Sleep for 59
********************
Fast 1288.3541666666667  /  Slow: 1288.0541666666666
Position: 10.9575 / Should Buy: True
Sleep for 59
********************
Fast 1288.4208333333333  /  Slow: 1288.0508333333335
Position: 10.9575 / Should Buy: True
Sleep for 59
********************
Fast 1288.5925  /  Slow: 1288.1058333333333
Position: 10.9575 / Should Buy: True
Sleep for 59
********************
Fast 1289.0625  /  Slow: 1288.2220833333333
Position: 10.9575 / Should Buy: True
Sleep for 59
********************
Fast 1289.3408333333334  /  Slow: 1288.2566666666667
Position: 10.9575 / Should Buy: True
Sleep for 59
********************
Fast 1289.45  /  Slow: 1288.2945833333335
Position: 10.9575 / Should Buy: True
Sleep for 59
********************
Fast 1289.7050000000002  /  Slow: 1288.4729166666666
Position: 10.9575 / Should Buy: True
Sleep for 59
********************
Fast 1289.9691666666665  /  Slow: 1288.67375
Position: 10.9575 / Should Buy: True
Sleep for 59
********************
Fast 1290.1216666666667  /  Slow: 1288.8645833333333
Position: 10.9575 / Should Buy: True
Sleep for 59
********************
Fast 1290.1933333333334  /  Slow: 1289.0145833333333
Position: 10.9575 / Should Buy: True
Sleep for 59
Traceback (most recent call last):
  File "bot_6.py", line 125, in <module>
    time.sleep(get_pause())
KeyboardInterrupt